0 info it worked if it ends with ok
1 verbose cli [ '/usr/local/bin/node', '/usr/local/bin/npm', 'install' ]
2 info using npm@2.15.9
3 info using node@v4.5.0
4 verbose readDependencies loading dependencies from /Users/bbatal200/Documents/Proj/pakt_web/package.json
5 verbose install where, deps [ '/Users/bbatal200/Documents/Proj/pakt_web',
5 verbose install   [ 'gulp',
5 verbose install     'gulp-autoprefixer',
5 verbose install     'gulp-cache',
5 verbose install     'gulp-connect',
5 verbose install     'gulp-filter',
5 verbose install     'gulp-imagemin',
5 verbose install     'gulp-jshint',
5 verbose install     'gulp-karma',
5 verbose install     'gulp-sass',
5 verbose install     'gulp-load-plugins',
5 verbose install     'gulp-minify-css',
5 verbose install     'gulp-ng-annotate',
5 verbose install     'gulp-plumber',
5 verbose install     'gulp-rev',
5 verbose install     'gulp-rev-replace',
5 verbose install     'gulp-uglify',
5 verbose install     'gulp-useref',
5 verbose install     'gulp-util',
5 verbose install     'gulp-watch',
5 verbose install     'jasmine-core',
5 verbose install     'jshint-stylish',
5 verbose install     'karma',
5 verbose install     'karma-jasmine',
5 verbose install     'karma-phantomjs-launcher',
5 verbose install     'lazypipe',
5 verbose install     'open',
5 verbose install     'phantomjs-prebuilt',
5 verbose install     'rimraf',
5 verbose install     'run-sequence',
5 verbose install     'wiredep' ] ]
6 verbose install where, peers [ '/Users/bbatal200/Documents/Proj/pakt_web', [] ]
7 verbose installManyTop reading for lifecycle /Users/bbatal200/Documents/Proj/pakt_web/package.json
8 info preinstall lendr@
9 verbose installManyTop reading scoped package data from /Users/bbatal200/Documents/Proj/pakt_web/node_modules/autoprefixer/package.json
10 verbose installManyTop reading scoped package data from /Users/bbatal200/Documents/Proj/pakt_web/node_modules/gulp/package.json
11 verbose installManyTop reading scoped package data from /Users/bbatal200/Documents/Proj/pakt_web/node_modules/gulp-autoprefixer/package.json
12 verbose installManyTop reading scoped package data from /Users/bbatal200/Documents/Proj/pakt_web/node_modules/gulp-cache/package.json
13 verbose installManyTop reading scoped package data from /Users/bbatal200/Documents/Proj/pakt_web/node_modules/gulp-connect/package.json
14 verbose installManyTop reading scoped package data from /Users/bbatal200/Documents/Proj/pakt_web/node_modules/gulp-filter/package.json
15 verbose installManyTop reading scoped package data from /Users/bbatal200/Documents/Proj/pakt_web/node_modules/gulp-imagemin/package.json
16 verbose installManyTop reading scoped package data from /Users/bbatal200/Documents/Proj/pakt_web/node_modules/gulp-jshint/package.json
17 verbose installManyTop reading scoped package data from /Users/bbatal200/Documents/Proj/pakt_web/node_modules/gulp-karma/package.json
18 verbose installManyTop reading scoped package data from /Users/bbatal200/Documents/Proj/pakt_web/node_modules/gulp-load-plugins/package.json
19 verbose installManyTop reading scoped package data from /Users/bbatal200/Documents/Proj/pakt_web/node_modules/gulp-minify-css/package.json
20 verbose installManyTop reading scoped package data from /Users/bbatal200/Documents/Proj/pakt_web/node_modules/gulp-ng-annotate/package.json
21 verbose installManyTop reading scoped package data from /Users/bbatal200/Documents/Proj/pakt_web/node_modules/gulp-plumber/package.json
22 verbose installManyTop reading scoped package data from /Users/bbatal200/Documents/Proj/pakt_web/node_modules/gulp-postcss/package.json
23 verbose installManyTop reading scoped package data from /Users/bbatal200/Documents/Proj/pakt_web/node_modules/gulp-rev/package.json
24 verbose installManyTop reading scoped package data from /Users/bbatal200/Documents/Proj/pakt_web/node_modules/gulp-rev-replace/package.json
25 verbose installManyTop reading scoped package data from /Users/bbatal200/Documents/Proj/pakt_web/node_modules/gulp-sass/package.json
26 verbose installManyTop reading scoped package data from /Users/bbatal200/Documents/Proj/pakt_web/node_modules/gulp-sourcemaps/package.json
27 verbose installManyTop reading scoped package data from /Users/bbatal200/Documents/Proj/pakt_web/node_modules/gulp-uglify/package.json
28 verbose installManyTop reading scoped package data from /Users/bbatal200/Documents/Proj/pakt_web/node_modules/gulp-useref/package.json
29 verbose installManyTop reading scoped package data from /Users/bbatal200/Documents/Proj/pakt_web/node_modules/gulp-util/package.json
30 verbose installManyTop reading scoped package data from /Users/bbatal200/Documents/Proj/pakt_web/node_modules/gulp-watch/package.json
31 verbose installManyTop reading scoped package data from /Users/bbatal200/Documents/Proj/pakt_web/node_modules/jasmine-core/package.json
32 verbose installManyTop reading scoped package data from /Users/bbatal200/Documents/Proj/pakt_web/node_modules/jshint-stylish/package.json
33 verbose installManyTop reading scoped package data from /Users/bbatal200/Documents/Proj/pakt_web/node_modules/karma/package.json
34 verbose installManyTop reading scoped package data from /Users/bbatal200/Documents/Proj/pakt_web/node_modules/karma-jasmine/package.json
35 verbose installManyTop reading scoped package data from /Users/bbatal200/Documents/Proj/pakt_web/node_modules/karma-phantomjs-launcher/package.json
36 verbose installManyTop reading scoped package data from /Users/bbatal200/Documents/Proj/pakt_web/node_modules/lazypipe/package.json
37 verbose installManyTop reading scoped package data from /Users/bbatal200/Documents/Proj/pakt_web/node_modules/open/package.json
38 verbose installManyTop reading scoped package data from /Users/bbatal200/Documents/Proj/pakt_web/node_modules/phantomjs-prebuilt/package.json
39 verbose installManyTop reading scoped package data from /Users/bbatal200/Documents/Proj/pakt_web/node_modules/rimraf/package.json
40 verbose installManyTop reading scoped package data from /Users/bbatal200/Documents/Proj/pakt_web/node_modules/run-sequence/package.json
41 verbose installManyTop reading scoped package data from /Users/bbatal200/Documents/Proj/pakt_web/node_modules/wiredep/package.json
42 info package.json wiredep@2.2.2 No license field.
43 info package.json gulp-minify-css@1.2.4 No repository field.
44 info package.json lazypipe@0.2.4 No license field.
45 verbose readDependencies loading dependencies from /Users/bbatal200/Documents/Proj/pakt_web/package.json
46 verbose targetResolver reading package data from /Users/bbatal200/Documents/Proj/pakt_web/node_modules/autoprefixer/package.json
47 verbose targetResolver reading package data from /Users/bbatal200/Documents/Proj/pakt_web/node_modules/gulp/package.json
48 verbose targetResolver reading package data from /Users/bbatal200/Documents/Proj/pakt_web/node_modules/gulp-autoprefixer/package.json
49 verbose targetResolver reading package data from /Users/bbatal200/Documents/Proj/pakt_web/node_modules/gulp-cache/package.json
50 verbose targetResolver reading package data from /Users/bbatal200/Documents/Proj/pakt_web/node_modules/gulp-connect/package.json
51 verbose targetResolver reading package data from /Users/bbatal200/Documents/Proj/pakt_web/node_modules/gulp-filter/package.json
52 verbose targetResolver reading package data from /Users/bbatal200/Documents/Proj/pakt_web/node_modules/gulp-imagemin/package.json
53 verbose targetResolver reading package data from /Users/bbatal200/Documents/Proj/pakt_web/node_modules/gulp-jshint/package.json
54 verbose targetResolver reading package data from /Users/bbatal200/Documents/Proj/pakt_web/node_modules/gulp-karma/package.json
55 verbose targetResolver reading package data from /Users/bbatal200/Documents/Proj/pakt_web/node_modules/gulp-load-plugins/package.json
56 verbose targetResolver reading package data from /Users/bbatal200/Documents/Proj/pakt_web/node_modules/gulp-minify-css/package.json
57 verbose targetResolver reading package data from /Users/bbatal200/Documents/Proj/pakt_web/node_modules/gulp-ng-annotate/package.json
58 verbose targetResolver reading package data from /Users/bbatal200/Documents/Proj/pakt_web/node_modules/gulp-plumber/package.json
59 verbose targetResolver reading package data from /Users/bbatal200/Documents/Proj/pakt_web/node_modules/gulp-postcss/package.json
60 verbose targetResolver reading package data from /Users/bbatal200/Documents/Proj/pakt_web/node_modules/gulp-rev/package.json
61 verbose targetResolver reading package data from /Users/bbatal200/Documents/Proj/pakt_web/node_modules/gulp-rev-replace/package.json
62 verbose targetResolver reading package data from /Users/bbatal200/Documents/Proj/pakt_web/node_modules/gulp-sass/package.json
63 verbose targetResolver reading package data from /Users/bbatal200/Documents/Proj/pakt_web/node_modules/gulp-sourcemaps/package.json
64 verbose targetResolver reading package data from /Users/bbatal200/Documents/Proj/pakt_web/node_modules/gulp-uglify/package.json
65 verbose targetResolver reading package data from /Users/bbatal200/Documents/Proj/pakt_web/node_modules/gulp-useref/package.json
66 verbose targetResolver reading package data from /Users/bbatal200/Documents/Proj/pakt_web/node_modules/gulp-util/package.json
67 verbose targetResolver reading package data from /Users/bbatal200/Documents/Proj/pakt_web/node_modules/gulp-watch/package.json
68 verbose targetResolver reading package data from /Users/bbatal200/Documents/Proj/pakt_web/node_modules/jasmine-core/package.json
69 verbose targetResolver reading package data from /Users/bbatal200/Documents/Proj/pakt_web/node_modules/jshint-stylish/package.json
70 verbose targetResolver reading package data from /Users/bbatal200/Documents/Proj/pakt_web/node_modules/karma/package.json
71 verbose targetResolver reading package data from /Users/bbatal200/Documents/Proj/pakt_web/node_modules/karma-jasmine/package.json
72 verbose targetResolver reading package data from /Users/bbatal200/Documents/Proj/pakt_web/node_modules/karma-phantomjs-launcher/package.json
73 verbose targetResolver reading package data from /Users/bbatal200/Documents/Proj/pakt_web/node_modules/lazypipe/package.json
74 verbose targetResolver reading package data from /Users/bbatal200/Documents/Proj/pakt_web/node_modules/open/package.json
75 verbose targetResolver reading package data from /Users/bbatal200/Documents/Proj/pakt_web/node_modules/phantomjs-prebuilt/package.json
76 verbose targetResolver reading package data from /Users/bbatal200/Documents/Proj/pakt_web/node_modules/rimraf/package.json
77 verbose targetResolver reading package data from /Users/bbatal200/Documents/Proj/pakt_web/node_modules/run-sequence/package.json
78 verbose targetResolver reading package data from /Users/bbatal200/Documents/Proj/pakt_web/node_modules/wiredep/package.json
79 verbose targetResolver reading package data from /Users/bbatal200/Documents/Proj/pakt_web/node_modules/.bin/gulp/package.json
80 verbose targetResolver reading package data from /Users/bbatal200/Documents/Proj/pakt_web/node_modules/.bin/karma/package.json
81 verbose targetResolver reading package data from /Users/bbatal200/Documents/Proj/pakt_web/node_modules/.bin/phantomjs/package.json
82 verbose targetResolver reading package data from /Users/bbatal200/Documents/Proj/pakt_web/node_modules/.bin/rimraf/package.json
83 verbose targetResolver reading package data from /Users/bbatal200/Documents/Proj/pakt_web/node_modules/.bin/wiredep/package.json
84 silly cache add args [ 'gulp-sass@3.0.1', null ]
85 verbose cache add spec gulp-sass@3.0.1
86 silly cache add parsed spec Result {
86 silly cache add   raw: 'gulp-sass@3.0.1',
86 silly cache add   scope: null,
86 silly cache add   name: 'gulp-sass',
86 silly cache add   rawSpec: '3.0.1',
86 silly cache add   spec: '3.0.1',
86 silly cache add   type: 'version' }
87 silly addNamed gulp-sass@3.0.1
88 verbose addNamed "3.0.1" is a plain semver version for gulp-sass
89 silly mapToRegistry name gulp-sass
90 silly mapToRegistry using default registry
91 silly mapToRegistry registry https://registry.npmjs.org/
92 silly mapToRegistry data Result {
92 silly mapToRegistry   raw: 'gulp-sass',
92 silly mapToRegistry   scope: null,
92 silly mapToRegistry   name: 'gulp-sass',
92 silly mapToRegistry   rawSpec: '',
92 silly mapToRegistry   spec: 'latest',
92 silly mapToRegistry   type: 'tag' }
93 silly mapToRegistry uri https://registry.npmjs.org/gulp-sass
94 verbose addNameVersion registry:https://registry.npmjs.org/gulp-sass not in flight; fetching
95 verbose already installed skipping gulp-load-plugins@^0.10.0 /Users/bbatal200/Documents/Proj/pakt_web
96 verbose already installed skipping gulp-minify-css@^1.2.0 /Users/bbatal200/Documents/Proj/pakt_web
97 verbose already installed skipping gulp-ng-annotate@^1.0.0 /Users/bbatal200/Documents/Proj/pakt_web
98 verbose already installed skipping gulp-plumber@^1.0.1 /Users/bbatal200/Documents/Proj/pakt_web
99 verbose already installed skipping gulp-rev@^5.0.1 /Users/bbatal200/Documents/Proj/pakt_web
100 verbose already installed skipping gulp-rev-replace@^0.4.2 /Users/bbatal200/Documents/Proj/pakt_web
101 verbose already installed skipping gulp-uglify@^2.1.2 /Users/bbatal200/Documents/Proj/pakt_web
102 verbose already installed skipping gulp-useref@^3.0.0 /Users/bbatal200/Documents/Proj/pakt_web
103 verbose already installed skipping gulp-util@^3.0.6 /Users/bbatal200/Documents/Proj/pakt_web
104 verbose already installed skipping gulp-watch@^4.2.4 /Users/bbatal200/Documents/Proj/pakt_web
105 verbose already installed skipping jasmine-core@^2.5.2 /Users/bbatal200/Documents/Proj/pakt_web
106 verbose already installed skipping jshint-stylish@^1.0.0 /Users/bbatal200/Documents/Proj/pakt_web
107 verbose request uri https://registry.npmjs.org/gulp-sass
108 verbose request no auth needed
109 info attempt registry request try #1 at 9:19:06 AM
110 verbose request id 60214e528958afbc
111 verbose etag W/"5900fce9-e7d4"
112 verbose lastModified Wed, 26 Apr 2017 20:02:49 GMT
113 http request GET https://registry.npmjs.org/gulp-sass
114 verbose already installed skipping karma@^1.3.0 /Users/bbatal200/Documents/Proj/pakt_web
115 verbose already installed skipping karma-jasmine@^1.0.2 /Users/bbatal200/Documents/Proj/pakt_web
116 verbose already installed skipping karma-phantomjs-launcher@^1.0.2 /Users/bbatal200/Documents/Proj/pakt_web
117 verbose already installed skipping lazypipe@^0.2.4 /Users/bbatal200/Documents/Proj/pakt_web
118 verbose already installed skipping open@0.0.5 /Users/bbatal200/Documents/Proj/pakt_web
119 verbose already installed skipping phantomjs-prebuilt@^2.1.12 /Users/bbatal200/Documents/Proj/pakt_web
120 verbose already installed skipping rimraf@^2.4.0 /Users/bbatal200/Documents/Proj/pakt_web
121 verbose already installed skipping run-sequence@^1.1.1 /Users/bbatal200/Documents/Proj/pakt_web
122 verbose already installed skipping wiredep@^2.2.2 /Users/bbatal200/Documents/Proj/pakt_web
123 verbose already installed skipping gulp@^3.9.0 /Users/bbatal200/Documents/Proj/pakt_web
124 verbose already installed skipping gulp-autoprefixer@2.3.1 /Users/bbatal200/Documents/Proj/pakt_web
125 verbose already installed skipping gulp-cache@^0.2.10 /Users/bbatal200/Documents/Proj/pakt_web
126 verbose already installed skipping gulp-connect@^2.2.0 /Users/bbatal200/Documents/Proj/pakt_web
127 verbose already installed skipping gulp-filter@^2.0.2 /Users/bbatal200/Documents/Proj/pakt_web
128 verbose already installed skipping gulp-imagemin@^2.3.0 /Users/bbatal200/Documents/Proj/pakt_web
129 verbose already installed skipping gulp-jshint@^1.11.1 /Users/bbatal200/Documents/Proj/pakt_web
130 verbose already installed skipping gulp-karma@0.0.4 /Users/bbatal200/Documents/Proj/pakt_web
131 http 304 https://registry.npmjs.org/gulp-sass
132 verbose headers { date: 'Fri, 28 Apr 2017 13:19:06 GMT',
132 verbose headers   via: '1.1 varnish',
132 verbose headers   'cache-control': 'max-age=300',
132 verbose headers   etag: 'W/"5900fce9-e7d4"',
132 verbose headers   age: '76',
132 verbose headers   connection: 'keep-alive',
132 verbose headers   'x-served-by': 'cache-iad2138-IAD',
132 verbose headers   'x-cache': 'HIT',
132 verbose headers   'x-cache-hits': '1',
132 verbose headers   'x-timer': 'S1493385546.369088,VS0,VE1',
132 verbose headers   vary: 'Accept-Encoding' }
133 silly get cb [ 304,
133 silly get   { date: 'Fri, 28 Apr 2017 13:19:06 GMT',
133 silly get     via: '1.1 varnish',
133 silly get     'cache-control': 'max-age=300',
133 silly get     etag: 'W/"5900fce9-e7d4"',
133 silly get     age: '76',
133 silly get     connection: 'keep-alive',
133 silly get     'x-served-by': 'cache-iad2138-IAD',
133 silly get     'x-cache': 'HIT',
133 silly get     'x-cache-hits': '1',
133 silly get     'x-timer': 'S1493385546.369088,VS0,VE1',
133 silly get     vary: 'Accept-Encoding' } ]
134 verbose etag https://registry.npmjs.org/gulp-sass from cache
135 verbose get saving gulp-sass to /Users/bbatal200/.npm/registry.npmjs.org/gulp-sass/.cache.json
136 verbose correctMkdir /Users/bbatal200/.npm correctMkdir not in flight; initializing
137 verbose stack Error: version not found: gulp-sass@3.0.1
137 verbose stack     at setData (/usr/local/lib/node_modules/npm/lib/cache/add-named.js:137:12)
137 verbose stack     at RES (/usr/local/lib/node_modules/npm/node_modules/inflight/inflight.js:23:14)
137 verbose stack     at f (/usr/local/lib/node_modules/npm/node_modules/once/once.js:17:25)
137 verbose stack     at fixName (/usr/local/lib/node_modules/npm/lib/cache/add-named.js:29:5)
137 verbose stack     at saved (/usr/local/lib/node_modules/npm/lib/cache/caching-client.js:173:7)
137 verbose stack     at /usr/local/lib/node_modules/npm/node_modules/graceful-fs/polyfills.js:210:7
137 verbose stack     at FSReqWrap.oncomplete (fs.js:82:15)
138 verbose statusCode 404
139 verbose cwd /Users/bbatal200/Documents/Proj/pakt_web
140 error Darwin 15.6.0
141 error argv "/usr/local/bin/node" "/usr/local/bin/npm" "install"
142 error node v4.5.0
143 error npm  v2.15.9
144 error version not found: gulp-sass@3.0.1
145 error If you need help, you may report this error at:
145 error     <https://github.com/npm/npm/issues>
146 verbose exit [ 1, true ]
